\BOOKMARK [0][-]{dummy.1}{\376\377\000I\000n\000n\000h\000o\000l\000d}{}% 1
\BOOKMARK [0][-]{dummy.3}{\376\377\000L\000i\000s\000t\000\040\000o\000f\000\040\000F\000i\000g\000u\000r\000e\000s}{}% 2
\BOOKMARK [0][-]{chapter.5}{\376\377\0001\000\040\000I\000n\000n\000l\000e\000n\000d\000i\000n\000g}{}% 3
\BOOKMARK [1][-]{section.6}{\376\377\0001\000.\0001\000\040\000B\000a\000k\000g\000r\000u\000n\000n}{chapter.5}% 4
\BOOKMARK [1][-]{section.7}{\376\377\0001\000.\0002\000\040\000P\000r\000o\000b\000l\000e\000m\000d\000e\000f\000i\000n\000i\000s\000j\000o\000n}{chapter.5}% 5
\BOOKMARK [2][-]{subsection.8}{\376\377\0001\000.\0002\000.\0001\000\040\000O\000p\000p\000g\000a\000v\000e\000n}{section.7}% 6
\BOOKMARK [2][-]{subsection.9}{\376\377\0001\000.\0002\000.\0002\000\040\000K\000r\000a\000v}{section.7}% 7
\BOOKMARK [1][-]{section.10}{\376\377\0001\000.\0003\000\040\000P\000r\000o\000b\000l\000e\000m\000l\000\370\000s\000n\000i\000n\000g}{chapter.5}% 8
\BOOKMARK [2][-]{subsection.11}{\376\377\0001\000.\0003\000.\0001\000\040\000A\000r\000b\000e\000i\000d\000s\000m\000e\000t\000o\000d\000e}{section.10}% 9
\BOOKMARK [2][-]{subsection.13}{\376\377\0001\000.\0003\000.\0002\000\040\000P\000r\000o\000s\000j\000e\000k\000t\000\040\000P\000l\000a\000n}{section.10}% 10
\BOOKMARK [2][-]{subsection.37}{\376\377\0001\000.\0003\000.\0003\000\040\000W\000o\000r\000k\000f\000l\000o\000w}{section.10}% 11
\BOOKMARK [3][-]{subsubsection.38}{\376\377\0001\000.\0003\000.\0003\000.\0001\000\040\000K\000u\000n\000d\000e}{subsection.37}% 12
\BOOKMARK [3][-]{subsubsection.39}{\376\377\0001\000.\0003\000.\0003\000.\0002\000\040\000F\000r\000e\000m\000g\000a\000n\000g\000s\000m\000\345\000t\000e}{subsection.37}% 13
\BOOKMARK [3][-]{subsubsection.45}{\376\377\0001\000.\0003\000.\0003\000.\0003\000\040\000B\000e\000d\000r\000i\000f\000t}{subsection.37}% 14
\BOOKMARK [1][-]{section.46}{\376\377\0001\000.\0004\000\040\000L\000i\000t\000t\000e\000r\000a\000t\000u\000r\000\040\000S\000t\000u\000d\000i\000e}{chapter.5}% 15
\BOOKMARK [0][-]{chapter.48}{\376\377\0002\000\040\000O\000v\000e\000r\000s\000i\000k\000t\000\040\000o\000v\000e\000r\000\040\000v\000a\000l\000g\000t\000e\000\040\000T\000e\000k\000n\000o\000l\000o\000g\000i\000e\000r}{}% 16
\BOOKMARK [1][-]{section.49}{\376\377\0002\000.\0001\000\040\000P\000u\000b\000l\000i\000s\000e\000r\000i\000n\000g}{chapter.48}% 17
\BOOKMARK [2][-]{subsection.50}{\376\377\0002\000.\0001\000.\0001\000\040\000P\000l\000a\000t\000f\000o\000r\000m\000\040\000a\000s\000\040\000a\000\040\000S\000e\000r\000v\000i\000c\000e}{section.49}% 18
\BOOKMARK [2][-]{subsection.51}{\376\377\0002\000.\0001\000.\0002\000\040\000F\000o\000r\000d\000e\000l\000e\000r\000\040\000v\000e\000d\000\040\000P\000a\000a\000S}{section.49}% 19
\BOOKMARK [2][-]{subsection.54}{\376\377\0002\000.\0001\000.\0003\000\040\000V\000a\000l\000g\000\040\000a\000v\000\040\000P\000a\000a\000S\000\040\000L\000e\000v\000e\000r\000a\000n\000d\000\370\000r}{section.49}% 20
\BOOKMARK [1][-]{section.57}{\376\377\0002\000.\0002\000\040\000P\000r\000o\000g\000r\000a\000m\000m\000e\000r\000i\000n\000g\000s\000s\000p\000r\000\345\000k\000\040\000o\000g\000\040\000R\000a\000m\000m\000e\000v\000e\000r\000k}{chapter.48}% 21
\BOOKMARK [2][-]{subsection.58}{\376\377\0002\000.\0002\000.\0001\000\040\000P\000y\000t\000h\000o\000n}{section.57}% 22
\BOOKMARK [2][-]{subsection.59}{\376\377\0002\000.\0002\000.\0002\000\040\000D\000j\000a\000n\000g\000o}{section.57}% 23
\BOOKMARK [1][-]{section.61}{\376\377\0002\000.\0003\000\040\000F\000r\000o\000n\000t\000-\000e\000n\000d}{chapter.48}% 24
\BOOKMARK [2][-]{subsection.62}{\376\377\0002\000.\0003\000.\0001\000\040\000B\000o\000o\000t\000s\000t\000r\000a\000p}{section.61}% 25
\BOOKMARK [3][-]{subsubsection.63}{\376\377\0002\000.\0003\000.\0001\000.\0001\000\040\000S\000k\000a\000l\000e\000r\000b\000a\000r\000t}{subsection.62}% 26
\BOOKMARK [3][-]{subsubsection.64}{\376\377\0002\000.\0003\000.\0001\000.\0002\000\040\000K\000o\000m\000p\000o\000n\000e\000n\000t\000e\000r}{subsection.62}% 27
\BOOKMARK [2][-]{subsection.65}{\376\377\0002\000.\0003\000.\0002\000\040\000J\000Q\000u\000e\000r\000y}{section.61}% 28
\BOOKMARK [1][-]{section.66}{\376\377\0002\000.\0004\000\040\000V\000e\000r\000k\000t\000\370\000y}{chapter.48}% 29
\BOOKMARK [0][-]{chapter.67}{\376\377\0003\000\040\000L\000\370\000s\000n\000i\000n\000g}{}% 30
\BOOKMARK [1][-]{section.68}{\376\377\0003\000.\0001\000\040\000K\000r\000a\000v}{chapter.67}% 31
\BOOKMARK [2][-]{subsection.69}{\376\377\0003\000.\0001\000.\0001\000\040\000I\000k\000k\000e\000-\000f\000u\000n\000k\000s\000j\000o\000n\000e\000l\000l\000e\000\040\000k\000r\000a\000v}{section.68}% 32
\BOOKMARK [1][-]{section.70}{\376\377\0003\000.\0002\000\040\000D\000e\000s\000i\000g\000n\000s\000p\000e\000s\000i\000f\000i\000k\000a\000s\000j\000o\000n\000e\000r}{chapter.67}% 33
\BOOKMARK [1][-]{section.71}{\376\377\0003\000.\0003\000\040\000I\000m\000p\000l\000e\000m\000e\000n\000t\000a\000s\000j\000o\000n}{chapter.67}% 34
\BOOKMARK [1][-]{section.72}{\376\377\0003\000.\0004\000\040\000P\000r\000i\000s\000e\000r\000\040\000o\000g\000\040\000R\000a\000b\000a\000t\000t}{chapter.67}% 35
\BOOKMARK [1][-]{section.76}{\376\377\0003\000.\0005\000\040\000A\000d\000m\000i\000n\000i\000s\000t\000r\000a\000s\000j\000o\000n\000\040\000S\000i\000d\000e}{chapter.67}% 36
\BOOKMARK [2][-]{subsection.78}{\376\377\0003\000.\0005\000.\0001\000\040\000R\000e\000s\000e\000r\000v\000a\000s\000j\000o\000n\000e\000r\000\040\000i\000\040\000A\000d\000m\000i\000n\000i\000s\000t\000r\000a\000s\000j\000o\000n\000s\000s\000i\000d\000e}{section.76}% 37
\BOOKMARK [1][-]{section.82}{\376\377\0003\000.\0006\000\040\000D\000a\000t\000a\000b\000a\000s\000e}{chapter.67}% 38
\BOOKMARK [1][-]{section.83}{\376\377\0003\000.\0007\000\040\000T\000e\000s\000t\000i\000n\000g\000\040\000o\000g\000\040\000V\000a\000l\000i\000d\000e\000r\000i\000n\000g}{chapter.67}% 39
