This is pdfTeX, Version 3.14159265-2.6-1.40.15 (MiKTeX 2.9 64-bit) (preloaded format=pdflatex 2016.1.13)  17 MAY 2016 13:51
entering extended mode
**main.tex
(main.tex
LaTeX2e <2014/05/01>
Babel <3.9l> and hyphenation patterns for 68 languages loaded.
(Thesis.cls
Document Class: Thesis 2007/22/02 v1.0 LaTeX document class
("C:\Program Files\MiKTeX 2.9\tex\latex\base\book.cls"
Document Class: book 2014/09/29 v1.4h Standard LaTeX document class
("C:\Program Files\MiKTeX 2.9\tex\latex\base\bk11.clo"
File: bk11.clo 2014/09/29 v1.4h Standard LaTeX file (size option)
)
\c@part=\count79
\c@chapter=\count80
\c@section=\count81
\c@subsection=\count82
\c@subsubsection=\count83
\c@paragraph=\count84
\c@subparagraph=\count85
\c@figure=\count86
\c@table=\count87
\abovecaptionskip=\skip41
\belowcaptionskip=\skip42
\bibindent=\dimen102
)
("C:\Program Files\MiKTeX 2.9\tex\latex\setspace\setspace.sty"
Package: setspace 2011/12/19 v6.7a set line spacing
)
("C:\Program Files\MiKTeX 2.9\tex\latex\ieeepes\vmargin.sty"
Package: vmargin 1999/06/01

Package `vmargin', V2.2, <1999/06/01>
\PaperWidth=\dimen103
\PaperHeight=\dimen104
) ("C:\Program Files\MiKTeX 2.9\tex\latex\base\inputenc.sty"
Package: inputenc 2014/04/30 v1.2b Input encoding file
\inpenc@prehook=\toks14
\inpenc@posthook=\toks15

("C:\Program Files\MiKTeX 2.9\tex\latex\base\utf8.def"
File: utf8.def 2014/09/29 v1.1m UTF-8 support for inputenc
Now handling font encoding OML ...
... no UTF-8 mapping file for font encoding OML
Now handling font encoding T1 ...
... processing UTF-8 mapping file for font encoding T1

("C:\Program Files\MiKTeX 2.9\tex\latex\base\t1enc.dfu"
File: t1enc.dfu 2014/09/29 v1.1m UTF-8 support for inputenc
   defining Unicode char U+00A1 (decimal 161)
   defining Unicode char U+00A3 (decimal 163)
   defining Unicode char U+00AB (decimal 171)
   defining Unicode char U+00BB (decimal 187)
   defining Unicode char U+00BF (decimal 191)
   defining Unicode char U+00C0 (decimal 192)
   defining Unicode char U+00C1 (decimal 193)
   defining Unicode char U+00C2 (decimal 194)
   defining Unicode char U+00C3 (decimal 195)
   defining Unicode char U+00C4 (decimal 196)
   defining Unicode char U+00C5 (decimal 197)
   defining Unicode char U+00C6 (decimal 198)
   defining Unicode char U+00C7 (decimal 199)
   defining Unicode char U+00C8 (decimal 200)
   defining Unicode char U+00C9 (decimal 201)
   defining Unicode char U+00CA (decimal 202)
   defining Unicode char U+00CB (decimal 203)
   defining Unicode char U+00CC (decimal 204)
   defining Unicode char U+00CD (decimal 205)
   defining Unicode char U+00CE (decimal 206)
   defining Unicode char U+00CF (decimal 207)
   defining Unicode char U+00D0 (decimal 208)
   defining Unicode char U+00D1 (decimal 209)
   defining Unicode char U+00D2 (decimal 210)
   defining Unicode char U+00D3 (decimal 211)
   defining Unicode char U+00D4 (decimal 212)
   defining Unicode char U+00D5 (decimal 213)
   defining Unicode char U+00D6 (decimal 214)
   defining Unicode char U+00D8 (decimal 216)
   defining Unicode char U+00D9 (decimal 217)
   defining Unicode char U+00DA (decimal 218)
   defining Unicode char U+00DB (decimal 219)
   defining Unicode char U+00DC (decimal 220)
   defining Unicode char U+00DD (decimal 221)
   defining Unicode char U+00DE (decimal 222)
   defining Unicode char U+00DF (decimal 223)
   defining Unicode char U+00E0 (decimal 224)
   defining Unicode char U+00E1 (decimal 225)
   defining Unicode char U+00E2 (decimal 226)
   defining Unicode char U+00E3 (decimal 227)
   defining Unicode char U+00E4 (decimal 228)
   defining Unicode char U+00E5 (decimal 229)
   defining Unicode char U+00E6 (decimal 230)
   defining Unicode char U+00E7 (decimal 231)
   defining Unicode char U+00E8 (decimal 232)
   defining Unicode char U+00E9 (decimal 233)
   defining Unicode char U+00EA (decimal 234)
   defining Unicode char U+00EB (decimal 235)
   defining Unicode char U+00EC (decimal 236)
   defining Unicode char U+00ED (decimal 237)
   defining Unicode char U+00EE (decimal 238)
   defining Unicode char U+00EF (decimal 239)
   defining Unicode char U+00F0 (decimal 240)
   defining Unicode char U+00F1 (decimal 241)
   defining Unicode char U+00F2 (decimal 242)
   defining Unicode char U+00F3 (decimal 243)
   defining Unicode char U+00F4 (decimal 244)
   defining Unicode char U+00F5 (decimal 245)
   defining Unicode char U+00F6 (decimal 246)
   defining Unicode char U+00F8 (decimal 248)
   defining Unicode char U+00F9 (decimal 249)
   defining Unicode char U+00FA (decimal 250)
   defining Unicode char U+00FB (decimal 251)
   defining Unicode char U+00FC (decimal 252)
   defining Unicode char U+00FD (decimal 253)
   defining Unicode char U+00FE (decimal 254)
   defining Unicode char U+00FF (decimal 255)
   defining Unicode char U+0102 (decimal 258)
   defining Unicode char U+0103 (decimal 259)
   defining Unicode char U+0104 (decimal 260)
   defining Unicode char U+0105 (decimal 261)
   defining Unicode char U+0106 (decimal 262)
   defining Unicode char U+0107 (decimal 263)
   defining Unicode char U+010C (decimal 268)
   defining Unicode char U+010D (decimal 269)
   defining Unicode char U+010E (decimal 270)
   defining Unicode char U+010F (decimal 271)
   defining Unicode char U+0110 (decimal 272)
   defining Unicode char U+0111 (decimal 273)
   defining Unicode char U+0118 (decimal 280)
   defining Unicode char U+0119 (decimal 281)
   defining Unicode char U+011A (decimal 282)
   defining Unicode char U+011B (decimal 283)
   defining Unicode char U+011E (decimal 286)
   defining Unicode char U+011F (decimal 287)
   defining Unicode char U+0130 (decimal 304)
   defining Unicode char U+0131 (decimal 305)
   defining Unicode char U+0132 (decimal 306)
   defining Unicode char U+0133 (decimal 307)
   defining Unicode char U+0139 (decimal 313)
   defining Unicode char U+013A (decimal 314)
   defining Unicode char U+013D (decimal 317)
   defining Unicode char U+013E (decimal 318)
   defining Unicode char U+0141 (decimal 321)
   defining Unicode char U+0142 (decimal 322)
   defining Unicode char U+0143 (decimal 323)
   defining Unicode char U+0144 (decimal 324)
   defining Unicode char U+0147 (decimal 327)
   defining Unicode char U+0148 (decimal 328)
   defining Unicode char U+014A (decimal 330)
   defining Unicode char U+014B (decimal 331)
   defining Unicode char U+0150 (decimal 336)
   defining Unicode char U+0151 (decimal 337)
   defining Unicode char U+0152 (decimal 338)
   defining Unicode char U+0153 (decimal 339)
   defining Unicode char U+0154 (decimal 340)
   defining Unicode char U+0155 (decimal 341)
   defining Unicode char U+0158 (decimal 344)
   defining Unicode char U+0159 (decimal 345)
   defining Unicode char U+015A (decimal 346)
   defining Unicode char U+015B (decimal 347)
   defining Unicode char U+015E (decimal 350)
   defining Unicode char U+015F (decimal 351)
   defining Unicode char U+0160 (decimal 352)
   defining Unicode char U+0161 (decimal 353)
   defining Unicode char U+0162 (decimal 354)
   defining Unicode char U+0163 (decimal 355)
   defining Unicode char U+0164 (decimal 356)
   defining Unicode char U+0165 (decimal 357)
   defining Unicode char U+016E (decimal 366)
   defining Unicode char U+016F (decimal 367)
   defining Unicode char U+0170 (decimal 368)
   defining Unicode char U+0171 (decimal 369)
   defining Unicode char U+0178 (decimal 376)
   defining Unicode char U+0179 (decimal 377)
   defining Unicode char U+017A (decimal 378)
   defining Unicode char U+017B (decimal 379)
   defining Unicode char U+017C (decimal 380)
   defining Unicode char U+017D (decimal 381)
   defining Unicode char U+017E (decimal 382)
   defining Unicode char U+200C (decimal 8204)
   defining Unicode char U+2013 (decimal 8211)
   defining Unicode char U+2014 (decimal 8212)
   defining Unicode char U+2018 (decimal 8216)
   defining Unicode char U+2019 (decimal 8217)
   defining Unicode char U+201A (decimal 8218)
   defining Unicode char U+201C (decimal 8220)
   defining Unicode char U+201D (decimal 8221)
   defining Unicode char U+201E (decimal 8222)
   defining Unicode char U+2030 (decimal 8240)
   defining Unicode char U+2031 (decimal 8241)
   defining Unicode char U+2039 (decimal 8249)
   defining Unicode char U+203A (decimal 8250)
   defining Unicode char U+2423 (decimal 9251)
)
Now handling font encoding OT1 ...
... processing UTF-8 mapping file for font encoding OT1

("C:\Program Files\MiKTeX 2.9\tex\latex\base\ot1enc.dfu"
File: ot1enc.dfu 2014/09/29 v1.1m UTF-8 support for inputenc
   defining Unicode char U+00A1 (decimal 161)
   defining Unicode char U+00A3 (decimal 163)
   defining Unicode char U+00B8 (decimal 184)
   defining Unicode char U+00BF (decimal 191)
   defining Unicode char U+00C5 (decimal 197)
   defining Unicode char U+00C6 (decimal 198)
   defining Unicode char U+00D8 (decimal 216)
   defining Unicode char U+00DF (decimal 223)
   defining Unicode char U+00E6 (decimal 230)
   defining Unicode char U+00EC (decimal 236)
   defining Unicode char U+00ED (decimal 237)
   defining Unicode char U+00EE (decimal 238)
   defining Unicode char U+00EF (decimal 239)
   defining Unicode char U+00F8 (decimal 248)
   defining Unicode char U+0131 (decimal 305)
   defining Unicode char U+0141 (decimal 321)
   defining Unicode char U+0142 (decimal 322)
   defining Unicode char U+0152 (decimal 338)
   defining Unicode char U+0153 (decimal 339)
   defining Unicode char U+2013 (decimal 8211)
   defining Unicode char U+2014 (decimal 8212)
   defining Unicode char U+2018 (decimal 8216)
   defining Unicode char U+2019 (decimal 8217)
   defining Unicode char U+201C (decimal 8220)
   defining Unicode char U+201D (decimal 8221)
)
Now handling font encoding OMS ...
... processing UTF-8 mapping file for font encoding OMS

("C:\Program Files\MiKTeX 2.9\tex\latex\base\omsenc.dfu"
File: omsenc.dfu 2014/09/29 v1.1m UTF-8 support for inputenc
   defining Unicode char U+00A7 (decimal 167)
   defining Unicode char U+00B6 (decimal 182)
   defining Unicode char U+00B7 (decimal 183)
   defining Unicode char U+2020 (decimal 8224)
   defining Unicode char U+2021 (decimal 8225)
   defining Unicode char U+2022 (decimal 8226)
)
Now handling font encoding OMX ...
... no UTF-8 mapping file for font encoding OMX
Now handling font encoding U ...
... no UTF-8 mapping file for font encoding U
   defining Unicode char U+00A9 (decimal 169)
   defining Unicode char U+00AA (decimal 170)
   defining Unicode char U+00AE (decimal 174)
   defining Unicode char U+00BA (decimal 186)
   defining Unicode char U+02C6 (decimal 710)
   defining Unicode char U+02DC (decimal 732)
   defining Unicode char U+200C (decimal 8204)
   defining Unicode char U+2026 (decimal 8230)
   defining Unicode char U+2122 (decimal 8482)
   defining Unicode char U+2423 (decimal 9251)
))
("C:\Program Files\MiKTeX 2.9\tex\latex\fancyhdr\fancyhdr.sty"
\fancy@headwidth=\skip43
\f@ncyO@elh=\skip44
\f@ncyO@erh=\skip45
\f@ncyO@olh=\skip46
\f@ncyO@orh=\skip47
\f@ncyO@elf=\skip48
\f@ncyO@erf=\skip49
\f@ncyO@olf=\skip50
\f@ncyO@orf=\skip51
)
("C:\Program Files\MiKTeX 2.9\tex\latex\amsmath\amsmath.sty"
Package: amsmath 2013/01/14 v2.14 AMS math features
\@mathmargin=\skip52

For additional information on amsmath, use the `?' option.
("C:\Program Files\MiKTeX 2.9\tex\latex\amsmath\amstext.sty"
Package: amstext 2000/06/29 v2.01

("C:\Program Files\MiKTeX 2.9\tex\latex\amsmath\amsgen.sty"
File: amsgen.sty 1999/11/30 v2.0
\@emptytoks=\toks16
\ex@=\dimen105
))
("C:\Program Files\MiKTeX 2.9\tex\latex\amsmath\amsbsy.sty"
Package: amsbsy 1999/11/29 v1.2d
\pmbraise@=\dimen106
)
("C:\Program Files\MiKTeX 2.9\tex\latex\amsmath\amsopn.sty"
Package: amsopn 1999/12/14 v2.01 operator names
)
\inf@bad=\count88
LaTeX Info: Redefining \frac on input line 210.
\uproot@=\count89
\leftroot@=\count90
LaTeX Info: Redefining \overline on input line 306.
\classnum@=\count91
\DOTSCASE@=\count92
LaTeX Info: Redefining \ldots on input line 378.
LaTeX Info: Redefining \dots on input line 381.
LaTeX Info: Redefining \cdots on input line 466.
\Mathstrutbox@=\box26
\strutbox@=\box27
\big@size=\dimen107
LaTeX Font Info:    Redeclaring font encoding OML on input line 566.
LaTeX Font Info:    Redeclaring font encoding OMS on input line 567.
\macc@depth=\count93
\c@MaxMatrixCols=\count94
\dotsspace@=\muskip10
\c@parentequation=\count95
\dspbrk@lvl=\count96
\tag@help=\toks17
\row@=\count97
\column@=\count98
\maxfields@=\count99
\andhelp@=\toks18
\eqnshift@=\dimen108
\alignsep@=\dimen109
\tagshift@=\dimen110
\tagwidth@=\dimen111
\totwidth@=\dimen112
\lineht@=\dimen113
\@envbody=\toks19
\multlinegap=\skip53
\multlinetaggap=\skip54
\mathdisplay@stack=\toks20
LaTeX Info: Redefining \[ on input line 2665.
LaTeX Info: Redefining \] on input line 2666.
)
("C:\Program Files\MiKTeX 2.9\tex\latex\amsfonts\amsfonts.sty"
Package: amsfonts 2013/01/14 v3.01 Basic AMSFonts support
\symAMSa=\mathgroup4
\symAMSb=\mathgroup5
LaTeX Font Info:    Overwriting math alphabet `\mathfrak' in version `bold'
(Font)                  U/euf/m/n --> U/euf/b/n on input line 106.
)
("C:\Program Files\MiKTeX 2.9\tex\latex\amsfonts\amssymb.sty"
Package: amssymb 2013/01/14 v3.01 AMS font symbols
)
("C:\Program Files\MiKTeX 2.9\tex\latex\amsmath\amscd.sty"
Package: amscd 1999/11/29 v2.0
\athelp@=\toks21
\minaw@=\dimen114
\bigaw@=\dimen115
\minCDarrowwidth=\dimen116
)
("C:\Program Files\MiKTeX 2.9\tex\latex\amscls\amsthm.sty"
Package: amsthm 2009/07/02 v2.20.1
\thm@style=\toks22
\thm@bodyfont=\toks23
\thm@headfont=\toks24
\thm@notefont=\toks25
\thm@headpunct=\toks26
\thm@preskip=\skip55
\thm@postskip=\skip56
\thm@headsep=\skip57
\dth@everypar=\toks27
)
("C:\Program Files\MiKTeX 2.9\tex\latex\tools\xspace.sty"
Package: xspace 2014/10/28 v1.13 Space after command names (DPC,MH)
)
\c@example=\count100
\c@theorem=\count101

("C:\Program Files\MiKTeX 2.9\tex\latex\caption\caption.sty"
Package: caption 2013/05/02 v3.3-89 Customizing captions (AR)

("C:\Program Files\MiKTeX 2.9\tex\latex\caption\caption3.sty"
Package: caption3 2013/05/02 v1.6-88 caption3 kernel (AR)
Package caption3 Info: TeX engine: e-TeX on input line 57.

("C:\Program Files\MiKTeX 2.9\tex\latex\graphics\keyval.sty"
Package: keyval 2014/10/28 v1.15 key=value parser (DPC)
\KV@toks@=\toks28
)
\captionmargin=\dimen117
\captionmargin@=\dimen118
\captionwidth=\dimen119
\caption@tempdima=\dimen120
\caption@indent=\dimen121
\caption@parindent=\dimen122
\caption@hangindent=\dimen123
)
\c@ContinuedFloat=\count102
)
("C:\Program Files\MiKTeX 2.9\tex\latex\graphics\graphicx.sty"
Package: graphicx 2014/10/28 v1.0g Enhanced LaTeX Graphics (DPC,SPQR)

("C:\Program Files\MiKTeX 2.9\tex\latex\graphics\graphics.sty"
Package: graphics 2014/10/28 v1.0p Standard LaTeX Graphics (DPC,SPQR)

("C:\Program Files\MiKTeX 2.9\tex\latex\graphics\trig.sty"
Package: trig 1999/03/16 v1.09 sin cos tan (DPC)
)
("C:\Program Files\MiKTeX 2.9\tex\latex\00miktex\graphics.cfg"
File: graphics.cfg 2007/01/18 v1.5 graphics configuration of teTeX/TeXLive
)
Package graphics Info: Driver file: pdftex.def on input line 91.

("C:\Program Files\MiKTeX 2.9\tex\latex\pdftex-def\pdftex.def"
File: pdftex.def 2011/05/27 v0.06d Graphics/color for pdfTeX

("C:\Program Files\MiKTeX 2.9\tex\generic\oberdiek\infwarerr.sty"
Package: infwarerr 2010/04/08 v1.3 Providing info/warning/error messages (HO)
)
("C:\Program Files\MiKTeX 2.9\tex\generic\oberdiek\ltxcmds.sty"
Package: ltxcmds 2011/11/09 v1.22 LaTeX kernel commands for general use (HO)
)
\Gread@gobject=\count103
))
\Gin@req@height=\dimen124
\Gin@req@width=\dimen125
)
("C:\Program Files\MiKTeX 2.9\tex\latex\oberdiek\epstopdf.sty"
Package: epstopdf 2010/02/09 v2.5 Conversion with epstopdf on the fly (HO)

("C:\Program Files\MiKTeX 2.9\tex\latex\oberdiek\epstopdf-base.sty"
Package: epstopdf-base 2010/02/09 v2.5 Base part for package epstopdf

("C:\Program Files\MiKTeX 2.9\tex\latex\oberdiek\grfext.sty"
Package: grfext 2010/08/19 v1.1 Manage graphics extensions (HO)

("C:\Program Files\MiKTeX 2.9\tex\generic\oberdiek\kvdefinekeys.sty"
Package: kvdefinekeys 2011/04/07 v1.3 Define keys (HO)
))
("C:\Program Files\MiKTeX 2.9\tex\latex\oberdiek\kvoptions.sty"
Package: kvoptions 2011/06/30 v3.11 Key value format for package options (HO)

("C:\Program Files\MiKTeX 2.9\tex\generic\oberdiek\kvsetkeys.sty"
Package: kvsetkeys 2012/04/25 v1.16 Key value parser (HO)

("C:\Program Files\MiKTeX 2.9\tex\generic\oberdiek\etexcmds.sty"
Package: etexcmds 2011/02/16 v1.5 Avoid name clashes with e-TeX commands (HO)

("C:\Program Files\MiKTeX 2.9\tex\generic\oberdiek\ifluatex.sty"
Package: ifluatex 2010/03/01 v1.3 Provides the ifluatex switch (HO)
Package ifluatex Info: LuaTeX not detected.
)
Package etexcmds Info: Could not find \expanded.
(etexcmds)             That can mean that you are not using pdfTeX 1.50 or
(etexcmds)             that some package has redefined \expanded.
(etexcmds)             In the latter case, load this package earlier.
)))
("C:\Program Files\MiKTeX 2.9\tex\generic\oberdiek\pdftexcmds.sty"
Package: pdftexcmds 2011/11/29 v0.20 Utility functions of pdfTeX for LuaTeX (HO
)

("C:\Program Files\MiKTeX 2.9\tex\generic\oberdiek\ifpdf.sty"
Package: ifpdf 2011/01/30 v2.3 Provides the ifpdf switch (HO)
Package ifpdf Info: pdfTeX in PDF mode is detected.
)
Package pdftexcmds Info: LuaTeX not detected.
Package pdftexcmds Info: \pdf@primitive is available.
Package pdftexcmds Info: \pdf@ifprimitive is available.
Package pdftexcmds Info: \pdfdraftmode found.
)
Package grfext Info: Graphics extension search list:
(grfext)             [.png,.pdf,.jpg,.mps,.jpeg,.jbig2,.jb2,.PNG,.PDF,.JPG,.JPE
G,.JBIG2,.JB2,.eps]
(grfext)             \AppendGraphicsExtensions on input line 452.
))
("C:\Program Files\MiKTeX 2.9\tex\latex\booktabs\booktabs.sty"
Package: booktabs 2005/04/14 v1.61803 publication quality tables
\heavyrulewidth=\dimen126
\lightrulewidth=\dimen127
\cmidrulewidth=\dimen128
\belowrulesep=\dimen129
\belowbottomsep=\dimen130
\aboverulesep=\dimen131
\abovetopsep=\dimen132
\cmidrulesep=\dimen133
\cmidrulekern=\dimen134
\defaultaddspace=\dimen135
\@cmidla=\count104
\@cmidlb=\count105
\@aboverulesep=\dimen136
\@belowrulesep=\dimen137
\@thisruleclass=\count106
\@lastruleclass=\count107
\@thisrulewidth=\dimen138
)
("C:\Program Files\MiKTeX 2.9\tex\latex\rotating\rotating.sty"
Package: rotating 2009/03/28 v2.16a rotated objects in LaTeX

("C:\Program Files\MiKTeX 2.9\tex\latex\base\ifthen.sty"
Package: ifthen 2014/09/29 v1.1c Standard LaTeX ifthen package (DPC)
)
\c@r@tfl@t=\count108
\rotFPtop=\skip58
\rotFPbot=\skip59
\rot@float@box=\box28
\rot@mess@toks=\toks29
)
("C:\Program Files\MiKTeX 2.9\tex\latex\listings\listings.sty"
\lst@mode=\count109
\lst@gtempboxa=\box29
\lst@token=\toks30
\lst@length=\count110
\lst@currlwidth=\dimen139
\lst@column=\count111
\lst@pos=\count112
\lst@lostspace=\dimen140
\lst@width=\dimen141
\lst@newlines=\count113
\lst@lineno=\count114
\lst@maxwidth=\dimen142
 (lstpatch.sty

***
*** This is a patch for listings 1.3, but you're using
*** version 1.5e.
***
*** Patch file not loaded.
***

) ("C:\Program Files\MiKTeX 2.9\tex\latex\listings\lstmisc.sty"
File: lstmisc.sty 2014/09/06 1.5e (Carsten Heinz)
\c@lstnumber=\count115
\lst@skipnumbers=\count116
\lst@framebox=\box30
)
("C:\Program Files\MiKTeX 2.9\tex\latex\listings\listings.cfg"
File: listings.cfg 2014/09/06 1.5e listings configuration
))
Package: listings 2014/09/06 1.5e (Carsten Heinz)
 (lstpatch.sty

***
*** This is a patch for listings 1.3, but you're using
*** version 1.5e.
***
 *** Patch file not loaded.
***

) ("C:\Program Files\MiKTeX 2.9\tex\latex\hyperref\hyperref.sty"
Package: hyperref 2012/11/06 v6.83m Hypertext links for LaTeX

("C:\Program Files\MiKTeX 2.9\tex\generic\oberdiek\hobsub-hyperref.sty"
Package: hobsub-hyperref 2012/04/25 v1.12 Bundle oberdiek, subset hyperref (HO)


("C:\Program Files\MiKTeX 2.9\tex\generic\oberdiek\hobsub-generic.sty"
Package: hobsub-generic 2012/04/25 v1.12 Bundle oberdiek, subset generic (HO)
Package: hobsub 2012/04/25 v1.12 Construct package bundles (HO)
Package hobsub Info: Skipping package `infwarerr' (already loaded).
Package hobsub Info: Skipping package `ltxcmds' (already loaded).
Package hobsub Info: Skipping package `ifluatex' (already loaded).
Package: ifvtex 2010/03/01 v1.5 Detect VTeX and its facilities (HO)
Package ifvtex Info: VTeX not detected.
Package: intcalc 2007/09/27 v1.1 Expandable calculations with integers (HO)
Package hobsub Info: Skipping package `ifpdf' (already loaded).
Package hobsub Info: Skipping package `etexcmds' (already loaded).
Package hobsub Info: Skipping package `kvsetkeys' (already loaded).
Package hobsub Info: Skipping package `kvdefinekeys' (already loaded).
Package hobsub Info: Skipping package `pdftexcmds' (already loaded).
Package: pdfescape 2011/11/25 v1.13 Implements pdfTeX's escape features (HO)
Package: bigintcalc 2012/04/08 v1.3 Expandable calculations on big integers (HO
)
Package: bitset 2011/01/30 v1.1 Handle bit-vector datatype (HO)
Package: uniquecounter 2011/01/30 v1.2 Provide unlimited unique counter (HO)
)
Package hobsub Info: Skipping package `hobsub' (already loaded).
Package: letltxmacro 2010/09/02 v1.4 Let assignment for LaTeX macros (HO)
Package: hopatch 2011/06/24 v1.1 Wrapper for package hooks (HO)
Package: xcolor-patch 2011/01/30 xcolor patch
Package: atveryend 2011/06/30 v1.8 Hooks at the very end of document (HO)
Package atveryend Info: \enddocument detected (standard20110627).
Package: atbegshi 2011/10/05 v1.16 At begin shipout hook (HO)
Package: refcount 2011/10/16 v3.4 Data extraction from label references (HO)
Package: hycolor 2011/01/30 v1.7 Color options for hyperref/bookmark (HO)
)
("C:\Program Files\MiKTeX 2.9\tex\generic\ifxetex\ifxetex.sty"
Package: ifxetex 2010/09/12 v0.6 Provides ifxetex conditional
)
("C:\Program Files\MiKTeX 2.9\tex\latex\oberdiek\auxhook.sty"
Package: auxhook 2011/03/04 v1.3 Hooks for auxiliary files (HO)
)
\@linkdim=\dimen143
\Hy@linkcounter=\count117
\Hy@pagecounter=\count118

("C:\Program Files\MiKTeX 2.9\tex\latex\hyperref\pd1enc.def"
File: pd1enc.def 2012/11/06 v6.83m Hyperref: PDFDocEncoding definition (HO)
Now handling font encoding PD1 ...
... no UTF-8 mapping file for font encoding PD1
)
\Hy@SavedSpaceFactor=\count119

("C:\Program Files\MiKTeX 2.9\tex\latex\00miktex\hyperref.cfg"
File: hyperref.cfg 2002/06/06 v1.2 hyperref configuration of TeXLive
)
Package hyperref Info: Option `bookmarks' set `true' on input line 4319.
Package hyperref Info: Option `bookmarksopen' set `true' on input line 4319.
Package hyperref Info: Option `bookmarksnumbered' set `true' on input line 4319
.
Package hyperref Info: Option `hypertexnames' set `false' on input line 4319.
Package hyperref Info: Option `colorlinks' set `true' on input line 4319.
Package hyperref Info: Option `unicode' set `true' on input line 4319.

("C:\Program Files\MiKTeX 2.9\tex\latex\hyperref\puenc.def"
File: puenc.def 2012/11/06 v6.83m Hyperref: PDF Unicode definition (HO)
Now handling font encoding PU ...
... no UTF-8 mapping file for font encoding PU
)
Package hyperref Info: Option `breaklinks' set `true' on input line 4319.
Package hyperref Info: Hyper figures OFF on input line 4443.
Package hyperref Info: Link nesting OFF on input line 4448.
Package hyperref Info: Hyper index ON on input line 4451.
Package hyperref Info: Plain pages OFF on input line 4458.
Package hyperref Info: Backreferencing OFF on input line 4463.
Package hyperref Info: Implicit mode ON; LaTeX internals redefined.
Package hyperref Info: Bookmarks ON on input line 4688.
\c@Hy@tempcnt=\count120

("C:\Program Files\MiKTeX 2.9\tex\latex\url\url.sty"
\Urlmuskip=\muskip11
Package: url 2013/09/16  ver 3.4  Verb mode for urls, etc.
)
LaTeX Info: Redefining \url on input line 5041.
\XeTeXLinkMargin=\dimen144
\Fld@menulength=\count121
\Field@Width=\dimen145
\Fld@charsize=\dimen146
Package hyperref Info: Hyper figures OFF on input line 6295.
Package hyperref Info: Link nesting OFF on input line 6300.
Package hyperref Info: Hyper index ON on input line 6303.
Package hyperref Info: backreferencing OFF on input line 6310.
Package hyperref Info: Link coloring ON on input line 6313.
Package hyperref Info: Link coloring with OCG OFF on input line 6320.
Package hyperref Info: PDF/A mode OFF on input line 6325.
LaTeX Info: Redefining \ref on input line 6365.
LaTeX Info: Redefining \pageref on input line 6369.
\Hy@abspage=\count122
\c@Item=\count123
\c@Hfootnote=\count124
)

Package hyperref Message: Driver (autodetected): hpdftex.

("C:\Program Files\MiKTeX 2.9\tex\latex\hyperref\hpdftex.def"
File: hpdftex.def 2012/11/06 v6.83m Hyperref driver for pdfTeX
\Fld@listcount=\count125
\c@bookmark@seq@number=\count126

("C:\Program Files\MiKTeX 2.9\tex\latex\oberdiek\rerunfilecheck.sty"
Package: rerunfilecheck 2011/04/15 v1.7 Rerun checks for auxiliary files (HO)
Package uniquecounter Info: New unique counter `rerunfilecheck' on input line 2
82.
)
\Hy@SectionHShift=\skip60
)
\c@dummy=\count127

("C:\Program Files\MiKTeX 2.9\tex\latex\tools\longtable.sty"
Package: longtable 2014/10/28 v4.11 Multi-page Table package (DPC)
\LTleft=\skip61
\LTright=\skip62
\LTpre=\skip63
\LTpost=\skip64
\LTchunksize=\count128
\LTcapwidth=\dimen147
\LT@head=\box31
\LT@firsthead=\box32
\LT@foot=\box33
\LT@lastfoot=\box34
\LT@cols=\count129
\LT@rows=\count130
\c@LT@tables=\count131
\c@LT@chunks=\count132
\LT@p@ftn=\toks31
))
("C:\Program Files\MiKTeX 2.9\tex\latex\graphics\color.sty"
Package: color 2014/10/28 v1.1a Standard LaTeX Color (DPC)

("C:\Program Files\MiKTeX 2.9\tex\latex\00miktex\color.cfg"
File: color.cfg 2007/01/18 v1.5 color configuration of teTeX/TeXLive
)
Package color Info: Driver file: pdftex.def on input line 137.
)
("C:\Program Files\MiKTeX 2.9\tex\latex\comment\comment.sty"
\CommentStream=\write3

Excluding comment 'comment')
("C:\Program Files\MiKTeX 2.9\tex\latex\babel\babel.sty"
Package: babel 2014/09/25 3.9l The Babel package

*************************************
* Local config file bblopts.cfg used
*
("C:\Program Files\MiKTeX 2.9\tex\latex\00miktex\bblopts.cfg"
File: bblopts.cfg 2006/07/31 v1.0 MiKTeX 'babel' configuration
)
("C:\Program Files\MiKTeX 2.9\tex\latex\babel-norsk\norsk.ldf"
Language: norsk 2012/08/06 v2.0i Norsk support from the babel system

("C:\Program Files\MiKTeX 2.9\tex\latex\babel\babel.def"
File: babel.def 2014/09/25 3.9l Babel common definitions
\babel@savecnt=\count133
\U@D=\dimen148
)
Package babel Info: Making " an active character on input line 113.
))
("C:\Program Files\MiKTeX 2.9\tex\latex\listings\lstlang1.sty"
File: lstlang1.sty 2014/09/06 1.5e listings language file
)
("C:\Program Files\MiKTeX 2.9\tex\latex\listings\lstlang1.sty"
File: lstlang1.sty 2014/09/06 1.5e listings language file
)
("C:\Program Files\MiKTeX 2.9\tex\latex\listings\lstmisc.sty"
File: lstmisc.sty 2014/09/06 1.5e (Carsten Heinz)
)
("C:\Program Files\MiKTeX 2.9\tex\latex\pdfpages\pdfpages.sty"
Package: pdfpages 2013/08/25 v0.4v Insert pages of external PDF documents (AM)

("C:\Program Files\MiKTeX 2.9\tex\latex\tools\calc.sty"
Package: calc 2014/10/28 v4.3 Infix arithmetic (KKT,FJ)
\calc@Acount=\count134
\calc@Bcount=\count135
\calc@Adimen=\dimen149
\calc@Bdimen=\dimen150
\calc@Askip=\skip65
\calc@Bskip=\skip66
LaTeX Info: Redefining \setlength on input line 75.
LaTeX Info: Redefining \addtolength on input line 76.
\calc@Ccount=\count136
\calc@Cskip=\skip67
)
("C:\Program Files\MiKTeX 2.9\tex\latex\eso-pic\eso-pic.sty"
Package: eso-pic 2013/10/06 v2.0d eso-pic (RN)
)
("C:\Program Files\MiKTeX 2.9\tex\latex\pdfpages\pppdftex.def"
File: pppdftex.def 2013/08/25 v0.4v Pdfpages driver for pdfTeX (AM)
)
\AM@pagebox=\box35
\AM@toc@title=\toks32
\c@AM@survey=\count137
\AM@templatesizebox=\box36
)
("C:\Program Files\MiKTeX 2.9\tex\latex\natbib\natbib.sty"
Package: natbib 2010/09/13 8.31b (PWD, AO)
\bibhang=\skip68
\bibsep=\skip69
LaTeX Info: Redefining \cite on input line 694.
\c@NAT@ctr=\count138
)
("C:\Program Files\MiKTeX 2.9\tex\latex\mathtools\mathtools.sty"
Package: mathtools 2014/07/16 v1.15 mathematical typesetting tools

("C:\Program Files\MiKTeX 2.9\tex\latex\mathtools\mhsetup.sty"
Package: mhsetup 2010/01/21 v1.2a programming setup (MH)
)
LaTeX Info: Thecontrolsequence`\['isalreadyrobust on input line 129.
LaTeX Info: Thecontrolsequence`\]'isalreadyrobust on input line 129.
\g_MT_multlinerow_int=\count139
\l_MT_multwidth_dim=\dimen151
\origjot=\skip70
\l_MT_shortvdotswithinadjustabove_dim=\dimen152
\l_MT_shortvdotswithinadjustbelow_dim=\dimen153
\l_MT_above_intertext_sep=\dimen154
\l_MT_below_intertext_sep=\dimen155
\l_MT_above_shortintertext_sep=\dimen156
\l_MT_below_shortintertext_sep=\dimen157
)
("C:\Program Files\MiKTeX 2.9\tex\latex\xcolor\xcolor.sty"
Package: xcolor 2007/01/21 v2.11 LaTeX color extensions (UK)

("C:\Program Files\MiKTeX 2.9\tex\latex\00miktex\color.cfg"
File: color.cfg 2007/01/18 v1.5 color configuration of teTeX/TeXLive
)
Package xcolor Info: Driver file: pdftex.def on input line 225.

("C:\Program Files\MiKTeX 2.9\tex\latex\colortbl\colortbl.sty"
Package: colortbl 2012/02/13 v1.0a Color table columns (DPC)

("C:\Program Files\MiKTeX 2.9\tex\latex\tools\array.sty"
Package: array 2014/10/28 v2.4c Tabular extension package (FMi)
\col@sep=\dimen158
\extrarowheight=\dimen159
\NC@list=\toks33
\extratabsurround=\skip71
\backup@length=\skip72
)
\everycr=\toks34
\minrowclearance=\skip73
)
LaTeX Info: Redefining \color on input line 702.
\rownum=\count140
Package xcolor Info: Model `cmy' substituted by `cmy0' on input line 1337.
Package xcolor Info: Model `hsb' substituted by `rgb' on input line 1341.
Package xcolor Info: Model `RGB' extended on input line 1353.
Package xcolor Info: Model `HTML' substituted by `rgb' on input line 1355.
Package xcolor Info: Model `Hsb' substituted by `hsb' on input line 1356.
Package xcolor Info: Model `tHsb' substituted by `hsb' on input line 1357.
Package xcolor Info: Model `HSB' substituted by `hsb' on input line 1358.
Package xcolor Info: Model `Gray' substituted by `gray' on input line 1359.
Package xcolor Info: Model `wave' substituted by `hsb' on input line 1360.
)
("C:\Program Files\MiKTeX 2.9\tex\latex\epigraph\epigraph.sty"
Package: epigraph 2009/09/02 v1.5c typesetting epigraphs
\beforeepigraphskip=\skip74
\afterepigraphskip=\skip75
\epigraphwidth=\skip76
\epigraphrule=\skip77
)
("C:\Program Files\MiKTeX 2.9\tex\latex\enumitem\enumitem.sty"
Package: enumitem 2011/09/28 v3.5.2 Customized lists
\labelindent=\skip78
\enit@outerparindent=\dimen160
\enit@toks=\toks35
\enit@inbox=\box37
\enitdp@description=\count141
)
("C:\Program Files\MiKTeX 2.9\tex\latex\hyperref\nameref.sty"
Package: nameref 2012/10/27 v2.43 Cross-referencing by name of section

("C:\Program Files\MiKTeX 2.9\tex\generic\oberdiek\gettitlestring.sty"
Package: gettitlestring 2010/12/03 v1.4 Cleanup title references (HO)
)
\c@section@level=\count142
)
("C:\Program Files\MiKTeX 2.9\tex\latex\dirtree\dirtree.sty"
Package: dirtree 2012/12/11 v0.32 package wrapper for dirtree

("C:\Program Files\MiKTeX 2.9\tex\generic\dirtree\dirtree.tex"
`dirtree' v0.32, 2012/12/11 (jcc)
\DT@offset=\dimen161
\DT@width=\dimen162
\DT@sep=\dimen163
\DT@all=\dimen164
\DT@rulewidth=\dimen165
\DT@dotwidth=\dimen166
\DTbaselineskip=\dimen167
\DT@counti=\count143
\DT@countii=\count144
\DT@countiii=\count145
\DT@countiv=\count146
\DT@indent=\dimen168
\DT@parskip=\dimen169
\DT@baselineskip=\dimen170
)
File: dirtree.tex 2012/12/11 v0.32 `dirtree' (jcc)
)
Package hyperref Info: Option `colorlinks' set `true' on input line 92.
 (main.aux

LaTeX Warning: Label `fig:addamount' multiply defined.

)
LaTeX Font Info:    Checking defaults for OML/cmm/m/it on input line 96.
LaTeX Font Info:    ... okay on input line 96.
LaTeX Font Info:    Checking defaults for T1/cmr/m/n on input line 96.
LaTeX Font Info:    ... okay on input line 96.
LaTeX Font Info:    Checking defaults for OT1/cmr/m/n on input line 96.
LaTeX Font Info:    ... okay on input line 96.
LaTeX Font Info:    Checking defaults for OMS/cmsy/m/n on input line 96.
LaTeX Font Info:    ... okay on input line 96.
LaTeX Font Info:    Checking defaults for OMX/cmex/m/n on input line 96.
LaTeX Font Info:    ... okay on input line 96.
LaTeX Font Info:    Checking defaults for U/cmr/m/n on input line 96.
LaTeX Font Info:    ... okay on input line 96.
LaTeX Font Info:    Checking defaults for PD1/pdf/m/n on input line 96.
LaTeX Font Info:    ... okay on input line 96.
LaTeX Font Info:    Checking defaults for PU/pdf/m/n on input line 96.
LaTeX Font Info:    ... okay on input line 96.
Package caption Info: Begin \AtBeginDocument code.
Package caption Info: hyperref package is loaded.
Package caption Info: listings package is loaded.
Package caption Info: longtable package is loaded.
 ("C:\Program Files\MiKTeX 2.9\tex\latex\caption\ltcaption.sty"
Package: ltcaption 2013/02/03 v1.3-62 longtable captions (AR)
)
Package caption Info: rotating package is loaded.
Package caption Info: End \AtBeginDocument code.

("C:\Program Files\MiKTeX 2.9\tex\context\base\supp-pdf.mkii"
[Loading MPS to PDF converter (version 2006.09.02).]
\scratchcounter=\count147
\scratchdimen=\dimen171
\scratchbox=\box38
\nofMPsegments=\count148
\nofMParguments=\count149
\everyMPshowfont=\toks36
\MPscratchCnt=\count150
\MPscratchDim=\dimen172
\MPnumerator=\count151
\makeMPintoPDFobject=\count152
\everyMPtoPDFconversion=\toks37
)
\c@lstlisting=\count153
\AtBeginShipoutBox=\box39
Package hyperref Info: Link coloring ON on input line 96.
LaTeX Info: Redefining \ref on input line 96.
LaTeX Info: Redefining \pageref on input line 96.
LaTeX Info: Redefining \nameref on input line 96.
 (main.out) (main.out)
\@outlinefile=\write4
LaTeX Font Info:    Try loading font information for U+msa on input line 146.
 ("C:\Program Files\MiKTeX 2.9\tex\latex\amsfonts\umsa.fd"
File: umsa.fd 2013/01/14 v3.01 AMS symbols A
)
LaTeX Font Info:    Try loading font information for U+msb on input line 146.
 ("C:\Program Files\MiKTeX 2.9\tex\latex\amsfonts\umsb.fd"
File: umsb.fd 2013/01/14 v3.01 AMS symbols B
) [1



{C:/ProgramData/MiKTeX/2.9/pdftex/config/pdftex.map}] [1]
------------------------------------------------------------------------------
 Table of Contents
------------------------------------------------------------------------------
(main.toc [2

])
\tf@toc=\write5
 [3]
------------------------------------------------------------------------------
 List of Figures
------------------------------------------------------------------------------
(main.lof)
\tf@lof=\write6
 [4


]
------------------------------------------------------------------------------
 List of Tables
------------------------------------------------------------------------------
(main.lot)
\tf@lot=\write7
 [5


] (Chapters/Introduction.tex
Kapittel 1.
------------------------------------------------------------------------------
 1 Innlending
------------------------------------------------------------------------------
[1



]
LaTeX Font Info:    Try loading font information for OMS+cmr on input line 13.
 ("C:\Program Files\MiKTeX 2.9\tex\latex\base\omscmr.fd"
File: omscmr.fd 2014/09/29 v2.5h Standard LaTeX font definitions
)
LaTeX Font Info:    Font shape `OMS/cmr/m/n' in size <10.95> not available
(Font)              Font shape `OMS/cmsy/m/n' tried instead on input line 13.

<dagbok_innsiden.png, id=365, 667.89525pt x 487.22025pt>
File: dagbok_innsiden.png Graphic file (type png)

<use dagbok_innsiden.png>
Package pdftex.def Info: dagbok_innsiden.png used on input line 26.
(pdftex.def)             Requested size: 200.37012pt x 146.16719pt.
 [2 <./dagbok_innsiden.png>] [3] [4] [5] [6] [7]
[8]) (Chapters/Theory.tex [9]
Kapittel 2.
------------------------------------------------------------------------------
 2 Teoretisk Bakgrunn
------------------------------------------------------------------------------

Package hyperref Warning: Difference (2) between bookmark levels is greater 
(hyperref)                than one, level fixed on input line 12.

<hostvspaas.png, id=407, 1445.4pt x 542.025pt>
File: hostvspaas.png Graphic file (type png)
 <use hostvspaas.png>
Package pdftex.def Info: hostvspaas.png used on input line 17.
(pdftex.def)             Requested size: 361.34912pt x 135.5059pt.
 [10

]
[11 <./hostvspaas.png>] [12] [13]
Underfull \hbox (badness 10000) in paragraph at lines 87--91

 []

<django_mtv.png, id=435, 549.55313pt x 770.88pt>
File: django_mtv.png Graphic file (type png)
 <use django_mtv.png>
Package pdftex.def Info: django_mtv.png used on input line 96.
(pdftex.def)             Requested size: 164.8672pt x 231.26578pt.

Underfull \hbox (badness 10000) in paragraph at lines 104--107

 []

[14 <./django_mtv.png>] [15] [16]) (Chapters/ChosenTechnologies.tex [17]
Kapittel 3.
------------------------------------------------------------------------------
 3 Valgte Teknologier
------------------------------------------------------------------------------

Package hyperref Warning: Difference (3) between bookmark levels is greater 
(hyperref)                than one, level fixed on input line 7.


Package hyperref Warning: Difference (2) between bookmark levels is greater 
(hyperref)                than one, level fixed on input line 10.

[18

]

LaTeX Warning: No positions in optional float specifier.
               Default added (so using `tbp') on input line 29.


Overfull \hbox (26.54486pt too wide) in paragraph at lines 33--45
 [][] 
 []

[19] [20]

Package hyperref Warning: Difference (3) between bookmark levels is greater 
(hyperref)                than one, level fixed on input line 76.

[21]

Package hyperref Warning: Difference (2) between bookmark levels is greater 
(hyperref)                than one, level fixed on input line 78.


Package hyperref Warning: Difference (3) between bookmark levels is greater 
(hyperref)                than one, level fixed on input line 95.


Package hyperref Warning: Difference (2) between bookmark levels is greater 
(hyperref)                than one, level fixed on input line 97.

[22]) (Chapters/Tools.tex [23]
Kapittel 4.
------------------------------------------------------------------------------
 4 Verkt\IeC {\o }y
------------------------------------------------------------------------------
<gaesdk.png, id=548, 507.69675pt x 217.41225pt>
File: gaesdk.png Graphic file (type png)
 <use gaesdk.png>
Package pdftex.def Info: gaesdk.png used on input line 11.
(pdftex.def)             Requested size: 507.69551pt x 217.4117pt.

Overfull \hbox (36.01994pt too wide) in paragraph at lines 11--12
 [][] 
 []

) (Chapters/Solution.tex [24

 <./gaesdk.png>] [25]
Kapittel 5.
------------------------------------------------------------------------------
 5 L\IeC {\o }sning
------------------------------------------------------------------------------
<inputpdf.pdf, id=559, 434.45412pt x 355.36665pt>
File: inputpdf.pdf Graphic file (type pdf)
 <use inputpdf.pdf>
Package pdftex.def Info: inputpdf.pdf used on input line 8.
(pdftex.def)             Requested size: 347.56375pt x 284.2937pt.
 [26

 <./inputpdf.pdf>] <Images/log/log_button.png, id=638, 627.5445pt x 184.89075pt
>
File: Images/log/log_button.png Graphic file (type png)

<use Images/log/log_button.png>
Package pdftex.def Info: Images/log/log_button.png used on input line 27.
(pdftex.def)             Requested size: 502.03627pt x 147.91278pt.

Overfull \hbox (30.3607pt too wide) in paragraph at lines 27--28
 [][] 
 []

<Images/log/redirect.png, id=639, 579.3645pt x 190.91325pt>
File: Images/log/redirect.png Graphic file (type png)

<use Images/log/redirect.png>
Package pdftex.def Info: Images/log/redirect.png used on input line 37.
(pdftex.def)             Requested size: 463.49223pt x 152.7308pt.
 [27 <./Images/log/log_button.png> <./Images/log/redirect.png>] <Images/log/pos
t_request.png, id=649, 411.33675pt x 131.89275pt>
File: Images/log/post_request.png Graphic file (type png)

<use Images/log/post_request.png>
Package pdftex.def Info: Images/log/post_request.png used on input line 55.
(pdftex.def)             Requested size: 329.06984pt x 105.51433pt.

<Images/log/TrainingDetailedForm.png, id=650, 979.86075pt x 408.3255pt>
File: Images/log/TrainingDetailedForm.png Graphic file (type png)

<use Images/log/TrainingDetailedForm.png>
Package pdftex.def Info: Images/log/TrainingDetailedForm.png used on input line
 66.
(pdftex.def)             Requested size: 489.92918pt x 204.16225pt.

Overfull \hbox (18.25362pt too wide) in paragraph at lines 66--67
 [][] 
 []

<Images/log/log_variables.png, id=651, 449.2785pt x 62.03175pt>
File: Images/log/log_variables.png Graphic file (type png)

<use Images/log/log_variables.png>
Package pdftex.def Info: Images/log/log_variables.png used on input line 75.
(pdftex.def)             Requested size: 314.4928pt x 43.4219pt.

Overfull \hbox (10.15071pt too wide) in paragraph at lines 80--81
[]\OT1/cmr/m/n/10.95 Dette blir tvun-get til a v-re av ty-pen int-e-ger (tall
), og der-som in-put[]form.cleaned[]data[`lay[]min']
 []

[28 <./Images/log/post_request.png>]
<Images/log/update_or_create.png, id=662, 844.3545pt x 300.52275pt>
File: Images/log/update_or_create.png Graphic file (type png)

<use Images/log/update_or_create.png>
Package pdftex.def Info: Images/log/update_or_create.png used on input line 89.

(pdftex.def)             Requested size: 422.17622pt x 150.261pt.
 [29 <./Images/log/TrainingDetailedForm.png> <./Images/log/log_variables.png> <
./Images/log/update_or_create.png>]
<Images/log/add_amount.png, id=671, 534.798pt x 130.086pt>
File: Images/log/add_amount.png Graphic file (type png)

<use Images/log/add_amount.png>
Package pdftex.def Info: Images/log/add_amount.png used on input line 104.
(pdftex.def)             Requested size: 267.39835pt x 65.04283pt.

<Images/log/redirect_done.png, id=672, 754.017pt x 218.61674pt>
File: Images/log/redirect_done.png Graphic file (type png)

<use Images/log/redirect_done.png>
Package pdftex.def Info: Images/log/redirect_done.png used on input line 115.
(pdftex.def)             Requested size: 527.8083pt x 153.03065pt.

Overfull \hbox (56.13274pt too wide) in paragraph at lines 115--116
 [][] 
 []

[30 <./Images/log/add_amount.png> <./Images/log/redirect_done.png>]
<Images/memcache/memcache.png, id=681, 908.193pt x 401.0985pt>
File: Images/memcache/memcache.png Graphic file (type png)

<use Images/memcache/memcache.png>
Package pdftex.def Info: Images/memcache/memcache.png used on input line 149.
(pdftex.def)             Requested size: 544.92pt x 240.66095pt.

Overfull \hbox (73.24443pt too wide) in paragraph at lines 149--150
 [][] 
 []

<Images/memcache/refresh.png, id=683, 360.74776pt x 163.812pt>
File: Images/memcache/refresh.png Graphic file (type png)

<use Images/memcache/refresh.png>
Package pdftex.def Info: Images/memcache/refresh.png used on input line 161.
(pdftex.def)             Requested size: 324.66997pt x 147.42941pt.
) (main.bbl [31] [32 <./Images/memcache/memcache.png> <./Images/memcache/refres
h.png>]
Underfull \hbox (badness 10000) in paragraph at lines 9--14
[]\OT1/cmr/m/n/10.95 Brandon But-ler.  pp-aas pri-mer: What is plat-form as a s
er-vice and why
 []


Underfull \hbox (badness 10000) in paragraph at lines 9--14
\OT1/cmr/m/n/10.95 does it mat-ter?".  URL [][]$\OT1/cmtt/m/n/10.95 http : / / 
www . infoworld . com / article / 2613027 / paas /$
 []


Underfull \hbox (badness 10000) in paragraph at lines 9--14
$\OT1/cmtt/m/n/10.95 paas-[]primer-[]-[]what-[]is-[]platform-[]as-[]a-[]service
-[]and-[]why-[]does-[]it-[]matter-[] . html$[][]\OT1/cmr/m/n/10.95 .
 []


Underfull \hbox (badness 10000) in paragraph at lines 39--45
[]\OT1/cmr/m/n/10.95 Mark Wil-son.  gg-oog-le's new, im-proved an-d-roid will d
e-li-ver a uni-
 []


Underfull \hbox (badness 10000) in paragraph at lines 39--45
\OT1/cmr/m/n/10.95 fied de-sign lan-gua-ge".  URL [][]$\OT1/cmtt/m/n/10.95 http
 : / / www . fastcodesign . com / 3032378 /$
 []


Underfull \hbox (badness 1661) in paragraph at lines 39--45
$\OT1/cmtt/m/n/10.95 googles-[]new-[]improved-[]android-[]will-[]deliver-[]a-[]
unified-[]design-[]language$[][]\OT1/cmr/m/n/10.95 .  [On-line;
 []


Underfull \hbox (badness 10000) in paragraph at lines 47--51
[]\OT1/cmr/m/n/10.95 "material de-sign in-tro-duc-tion".  URL [][]$\OT1/cmtt/m/
n/10.95 https : / / www . google . com / design / spec /$
 []


Underfull \hbox (badness 2717) in paragraph at lines 47--51
$\OT1/cmtt/m/n/10.95 material-[]design / introduction . html # introduction-[]p
rinciples$[][]\OT1/cmr/m/n/10.95 .  [On-line; beskt 9-
 []


Underfull \hbox (badness 10000) in paragraph at lines 53--58
[]\OT1/cmr/m/n/10.95 five ques-tions with michael wide-ni-us - foun-der and ori
-gi-
 []


Underfull \hbox (badness 10000) in paragraph at lines 53--58
\OT1/cmr/m/n/10.95 nal develo-per of mys-ql", .  URL [][]$\OT1/cmtt/m/n/10.95 h
ttps : / / web . archive . org / web /$
 []


Underfull \hbox (badness 10000) in paragraph at lines 53--58
$\OT1/cmtt/m/n/10.95 20090313160628 / http : / / www . opensourcereleasefeed . 
com / interview / show /$
 []


Underfull \hbox (badness 10000) in paragraph at lines 53--58
$\OT1/cmtt/m/n/10.95 five-[]questions-[]with-[]michael-[]widenius-[]founder-[]a
nd-[]original-[]developer-[]of-[]mysql$[][]\OT1/cmr/m/n/10.95 .
 []

[33

]
Underfull \hbox (badness 10000) in paragraph at lines 101--107
[]\OT1/cmr/m/n/10.95 James Nunns.  "aws vs goog-le cloud vs micro-soft azu-re: 
How
 []


Underfull \hbox (badness 10000) in paragraph at lines 101--107
\OT1/cmr/m/n/10.95 do they com-pa-re and which one is right for your bu-si-ness
?", FF-
 []


Underfull \hbox (badness 10000) in paragraph at lines 101--107
\OT1/cmr/m/n/10.95 ebru-ar"2016.  URL [][]$\OT1/cmtt/m/n/10.95 http : / / www .
 cbronline . com / news / cloud / public /$
 []


Overfull \hbox (178.48405pt too wide) in paragraph at lines 101--107
$\OT1/cmtt/m/n/10.95 aws-[]vs-[]google-[]cloud-[]vs-[]microsoft-[]azure-[]how-[
]do-[]they-[]compare-[]and-[]which-[]one-[]is-[]right-[]for-[]your-[]business-[
]4802310$[][]\OT1/cmr/m/n/10.95 .
 []


Underfull \hbox (badness 10000) in paragraph at lines 114--117
[]\OT1/cmr/m/n/10.95 "aws glo-bal in-fra-struc-tu-re", .  URL [][]$\OT1/cmtt/m/
n/10.95 https : / / aws . amazon . com / about-[]aws /$
 []


Underfull \hbox (badness 1953) in paragraph at lines 141--147
[]\OT1/cmr/m/n/10.95 Peter Way-ner.  "ul-ti-mate cloud speed tests: Ama-zon vs.
 goog-le vs. win-dows azu-
 []

[34]) [35]

pdfTeX warning: pdflatex (file ./Appendices/GanntOverview.pdf): PDF inclusion: 
found PDF version <1.7>, but at most version <1.5> allowed
<./Appendices/GanntOverview.pdf, id=757, 614.295pt x 794.97pt>
File: ./Appendices/GanntOverview.pdf Graphic file (type pdf)

<use ./Appendices/GanntOverview.pdf>
Package pdftex.def Info: ./Appendices/GanntOverview.pdf used on input line 232.

(pdftex.def)             Requested size: 614.29349pt x 794.96806pt.


pdfTeX warning: pdflatex (file ./Appendices/GanntOverview.pdf): PDF inclusion: 
found PDF version <1.7>, but at most version <1.5> allowed
File: ./Appendices/GanntOverview.pdf Graphic file (type pdf)
<use ./Appendices/GanntOverview.pdf>
Package pdftex.def Info: ./Appendices/GanntOverview.pdf used on input line 232.

(pdftex.def)             Requested size: 614.29349pt x 794.96806pt.


pdfTeX warning: pdflatex (file ./Appendices/GanntOverview.pdf): PDF inclusion: 
found PDF version <1.7>, but at most version <1.5> allowed
[36

]

pdfTeX warning: pdflatex (file ./Appendices/GanntOverview.pdf): PDF inclusion: 
found PDF version <1.7>, but at most version <1.5> allowed
<./Appendices/GanntOverview.pdf, id=765, page=1, 614.295pt x 794.97pt>
File: ./Appendices/GanntOverview.pdf Graphic file (type pdf)

<use ./Appendices/GanntOverview.pdf, page 1>
Package pdftex.def Info: ./Appendices/GanntOverview.pdf, page1 used on input li
ne 232.
(pdftex.def)             Requested size: 614.29349pt x 794.96806pt.
File: ./Appendices/GanntOverview.pdf Graphic file (type pdf)

<use ./Appendices/GanntOverview.pdf, page 1>
Package pdftex.def Info: ./Appendices/GanntOverview.pdf, page1 used on input li
ne 232.
(pdftex.def)             Requested size: 462.7635pt x 598.87044pt.
File: ./Appendices/GanntOverview.pdf Graphic file (type pdf)

<use ./Appendices/GanntOverview.pdf, page 1>
Package pdftex.def Info: ./Appendices/GanntOverview.pdf, page1 used on input li
ne 232.
(pdftex.def)             Requested size: 462.7635pt x 598.87044pt.
File: ./Appendices/GanntOverview.pdf Graphic file (type pdf)

<use ./Appendices/GanntOverview.pdf, page 1>
Package pdftex.def Info: ./Appendices/GanntOverview.pdf, page1 used on input li
ne 232.
(pdftex.def)             Requested size: 462.7635pt x 598.87044pt.
File: ./Appendices/GanntOverview.pdf Graphic file (type pdf)

<use ./Appendices/GanntOverview.pdf, page 1>
Package pdftex.def Info: ./Appendices/GanntOverview.pdf, page1 used on input li
ne 232.
(pdftex.def)             Requested size: 462.7635pt x 598.87044pt.
 [37 <./Appendices/GanntOverview.pdf>] <./Appendices/dfsgannt.pdf, id=788, 845.
1575pt x 597.23125pt>
File: ./Appendices/dfsgannt.pdf Graphic file (type pdf)

<use ./Appendices/dfsgannt.pdf>
Package pdftex.def Info: ./Appendices/dfsgannt.pdf used on input line 233.
(pdftex.def)             Requested size: 845.15544pt x 597.22978pt.
File: ./Appendices/dfsgannt.pdf Graphic file (type pdf)
 <use ./Appendices/dfsgannt.pdf>
Package pdftex.def Info: ./Appendices/dfsgannt.pdf used on input line 233.
(pdftex.def)             Requested size: 845.15544pt x 597.22978pt.

<./Appendices/dfsgannt.pdf, id=791, page=1, 845.1575pt x 597.23125pt>
File: ./Appendices/dfsgannt.pdf Graphic file (type pdf)

<use ./Appendices/dfsgannt.pdf, page 1>
Package pdftex.def Info: ./Appendices/dfsgannt.pdf, page1 used on input line 23
3.
(pdftex.def)             Requested size: 845.15544pt x 597.22978pt.
File: ./Appendices/dfsgannt.pdf Graphic file (type pdf)

<use ./Appendices/dfsgannt.pdf, page 1>
Package pdftex.def Info: ./Appendices/dfsgannt.pdf, page1 used on input line 23
3.
(pdftex.def)             Requested size: 846.04526pt x 597.85857pt.
File: ./Appendices/dfsgannt.pdf Graphic file (type pdf)

<use ./Appendices/dfsgannt.pdf, page 1>
Package pdftex.def Info: ./Appendices/dfsgannt.pdf, page1 used on input line 23
3.
(pdftex.def)             Requested size: 846.04526pt x 597.85857pt.
File: ./Appendices/dfsgannt.pdf Graphic file (type pdf)

<use ./Appendices/dfsgannt.pdf, page 1>
Package pdftex.def Info: ./Appendices/dfsgannt.pdf, page1 used on input line 23
3.
(pdftex.def)             Requested size: 846.04526pt x 597.85857pt.
File: ./Appendices/dfsgannt.pdf Graphic file (type pdf)

<use ./Appendices/dfsgannt.pdf, page 1>
Package pdftex.def Info: ./Appendices/dfsgannt.pdf, page1 used on input line 23
3.
(pdftex.def)             Requested size: 846.04526pt x 597.85857pt.
 [38 <./Appendices/dfsgannt.pdf, page is rotated 90 degrees>]
<./Appendices/dfsgannt.pdf, id=819, page=2, 845.1575pt x 597.23125pt>
File: ./Appendices/dfsgannt.pdf Graphic file (type pdf)

<use ./Appendices/dfsgannt.pdf, page 2>
Package pdftex.def Info: ./Appendices/dfsgannt.pdf, page2 used on input line 23
3.
(pdftex.def)             Requested size: 846.04526pt x 597.85857pt.
File: ./Appendices/dfsgannt.pdf Graphic file (type pdf)

<use ./Appendices/dfsgannt.pdf, page 2>
Package pdftex.def Info: ./Appendices/dfsgannt.pdf, page2 used on input line 23
3.
(pdftex.def)             Requested size: 846.04526pt x 597.85857pt.
File: ./Appendices/dfsgannt.pdf Graphic file (type pdf)

<use ./Appendices/dfsgannt.pdf, page 2>
Package pdftex.def Info: ./Appendices/dfsgannt.pdf, page2 used on input line 23
3.
(pdftex.def)             Requested size: 846.04526pt x 597.85857pt.
 [39 <./Appendices/dfsgannt.pdf, page is rotated 90 degrees>]
<./Appendices/dfsgannt.pdf, id=825, page=3, 845.1575pt x 597.23125pt>
File: ./Appendices/dfsgannt.pdf Graphic file (type pdf)

<use ./Appendices/dfsgannt.pdf, page 3>
Package pdftex.def Info: ./Appendices/dfsgannt.pdf, page3 used on input line 23
3.
(pdftex.def)             Requested size: 846.04526pt x 597.85857pt.
File: ./Appendices/dfsgannt.pdf Graphic file (type pdf)

<use ./Appendices/dfsgannt.pdf, page 3>
Package pdftex.def Info: ./Appendices/dfsgannt.pdf, page3 used on input line 23
3.
(pdftex.def)             Requested size: 846.04526pt x 597.85857pt.
File: ./Appendices/dfsgannt.pdf Graphic file (type pdf)

<use ./Appendices/dfsgannt.pdf, page 3>
Package pdftex.def Info: ./Appendices/dfsgannt.pdf, page3 used on input line 23
3.
(pdftex.def)             Requested size: 846.04526pt x 597.85857pt.
 [40 <./Appendices/dfsgannt.pdf, page is rotated 90 degrees>]
------------------------------------------------------------------------------
 Bibliografi
------------------------------------------------------------------------------
Package atveryend Info: Empty hook `BeforeClearDocument' on input line 241.
Package atveryend Info: Empty hook `AfterLastShipout' on input line 241.
(main.aux)
Package atveryend Info: Executing hook `AtVeryEndDocument' on input line 241.
Package atveryend Info: Executing hook `AtEndAfterFileList' on input line 241.
Package rerunfilecheck Info: File `main.out' has not changed.
(rerunfilecheck)             Checksum: 2E4ADD1BA1D09AFA96823027E06E6185;9154.


LaTeX Warning: There were multiply-defined labels.

Package atveryend Info: Empty hook `AtVeryVeryEnd' on input line 241.
 ) 
Here is how much of TeX's memory you used:
 15978 strings out of 493698
 227107 string characters out of 3144406
 324507 words of memory out of 3000000
 18833 multiletter control sequences out of 15000+200000
 14782 words of font info for 56 fonts, out of 3000000 for 9000
 1025 hyphenation exceptions out of 8191
 49i,18n,58p,896b,519s stack positions out of 5000i,500n,10000p,200000b,50000s
<C:/Program Files/MiKTeX 2.9/fonts/type1/public/amsfonts/cm/cmbx10.pfb><C:/Pr
ogram Files/MiKTeX 2.9/fonts/type1/public/amsfonts/cm/cmbx12.pfb><C:/Program Fi
les/MiKTeX 2.9/fonts/type1/public/amsfonts/cm/cmcsc10.pfb><C:/Program Files/MiK
TeX 2.9/fonts/type1/public/amsfonts/cm/cmr10.pfb><C:/Program Files/MiKTeX 2.9/f
onts/type1/public/amsfonts/cm/cmr12.pfb><C:/Program Files/MiKTeX 2.9/fonts/type
1/public/amsfonts/cm/cmsy10.pfb><C:/Program Files/MiKTeX 2.9/fonts/type1/public
/amsfonts/cm/cmsy6.pfb><C:/Program Files/MiKTeX 2.9/fonts/type1/public/amsfonts
/cm/cmti10.pfb><C:/Program Files/MiKTeX 2.9/fonts/type1/public/amsfonts/cm/cmti
12.pfb><C:/Program Files/MiKTeX 2.9/fonts/type1/public/amsfonts/cm/cmtt10.pfb>
Output written on main.pdf (46 pages, 2779064 bytes).
PDF statistics:
 903 PDF objects out of 1000 (max. 8388607)
 180 named destinations out of 1000 (max. 500000)
 582 words of extra memory for PDF output out of 10000 (max. 10000000)

